<?xml version="1.0" encoding="UTF-8"?>
<TestRun id="7d76dbba-8713-4cde-b4bb-86de278c69a6" name="Gowdar@GOWDARPC 2012-06-11 23:41:26" runUser="GowdarPC\Gowdar" xmlns="http://microsoft.com/schemas/VisualStudio/TeamTest/2010">
  <TestSettings name="Local" id="cf20da2c-3a3d-46cf-9ffb-ec57c4af3826">
    <Description>These are default test settings for a local test run.</Description>
    <Deployment enabled="false" runDeploymentRoot="Gowdar_GOWDARPC 2012-06-11 23_41_26">
      <DeploymentItem filename="C:\Users\Gowdar\documents\visual studio 2010\Projects\TomosurgeryAlpha\TomosurgeryAlpha\bin\Debug\TomosurgeryAlpha.exe" />
      <DeploymentItem filename="C:\Users\Gowdar\Desktop\Tomosurgery\TomosurgeryWPF\bin\Debug\opendicom-sharp.dll" />
      <DeploymentItem filename="C:\Users\Gowdar\Downloads\OpenCLTemplate\OpenCLTemplate\OpenCLTemplate.dll" />
    </Deployment>
    <Execution>
      <TestTypeSpecific />
      <AgentRule name="Execution Agents">
      </AgentRule>
    </Execution>
  </TestSettings>
  <Times creation="2012-06-11T23:41:26.1862056-04:00" queuing="2012-06-11T23:41:26.6382315-04:00" start="2012-06-11T23:41:26.6842341-04:00" finish="2012-06-11T23:41:26.9652502-04:00" />
  <ResultSummary outcome="Failed">
    <Counters total="1" executed="1" error="0" failed="1" timeout="0" aborted="0" inconclusive="0" passedButRunAborted="0" notRunnable="0" notExecuted="0" disconnected="0" warning="0" passed="0" completed="0" inProgress="0" pending="0" />
  </ResultSummary>
  <TestDefinitions>
    <UnitTest name="LineSpacerTest" storage="c:\users\gowdar\documents\visual studio 2010\projects\tomosurgeryalpha\linespacertest\bin\debug\linespacertest.dll" id="d3dbc99c-c3ac-0f7d-fc99-8162361bad8b">
      <Execution id="7db409bf-32ab-45a9-8c7d-fc6db542c732" />
      <TestMethod codeBase="C:/Users/Gowdar/documents/visual studio 2010/Projects/TomosurgeryAlpha/LineSpacerTest/bin/Debug/LineSpacerTest.DLL" adapterTypeName="Microsoft.VisualStudio.TestTools.TestTypes.Unit.UnitTestAdapter, Microsoft.VisualStudio.QualityTools.Tips.UnitTest.Adapter, Version=10.0.0.0, Culture=neutral, PublicKeyToken=b03f5f7f11d50a3a" className="LineSpacerTest.RasterPathTest, LineSpacerTest, Version=1.0.0.0, Culture=neutral, PublicKeyToken=null" name="LineSpacerTest" />
    </UnitTest>
  </TestDefinitions>
  <TestLists>
    <TestList name="Results Not in a List" id="8c84fa94-04c1-424b-9868-57a2d4851a1d" />
    <TestList name="All Loaded Results" id="19431567-8539-422a-85d7-44ee4e166bda" />
  </TestLists>
  <TestEntries>
    <TestEntry testId="d3dbc99c-c3ac-0f7d-fc99-8162361bad8b" executionId="7db409bf-32ab-45a9-8c7d-fc6db542c732" testListId="8c84fa94-04c1-424b-9868-57a2d4851a1d" />
  </TestEntries>
  <Results>
    <UnitTestResult executionId="7db409bf-32ab-45a9-8c7d-fc6db542c732" testId="d3dbc99c-c3ac-0f7d-fc99-8162361bad8b" testName="LineSpacerTest" computerName="GOWDARPC" duration="00:00:00.0327261" startTime="2012-06-11T23:41:26.6962348-04:00" endTime="2012-06-11T23:41:26.9402488-04:00" testType="13cdc9d9-ddb5-4fa4-a97d-d965ccfc6d4b" outcome="Failed" testListId="8c84fa94-04c1-424b-9868-57a2d4851a1d" relativeResultsDirectory="7db409bf-32ab-45a9-8c7d-fc6db542c732">
      <Output>
        <ErrorInfo>
          <Message>Test method LineSpacerTest.RasterPathTest.LineSpacerTest threw exception: 
System.NullReferenceException: Object reference not set to an instance of an object.</Message>
          <StackTrace>    at TomosurgeryAlpha.RasterPath..ctor(Single[,] f) in C:\Users\Gowdar\documents\visual studio 2010\Projects\TomosurgeryAlpha\TomosurgeryAlpha\RasterPath.cs:line 223
   at LineSpacerTest.RasterPathTest.LineSpacerTest() in C:\Users\Gowdar\documents\visual studio 2010\Projects\TomosurgeryAlpha\LineSpacerTest\RasterPathTest.cs:line 74
</StackTrace>
        </ErrorInfo>
      </Output>
    </UnitTestResult>
  </Results>
</TestRun>