<?xml version="1.0" encoding="UTF-8"?>
<TestRun id="4189f315-3fa5-4072-bfec-7f5cbf6576c7" name="Gowdar@GOWDARPC 2012-06-12 00:03:20" runUser="GowdarPC\Gowdar" xmlns="http://microsoft.com/schemas/VisualStudio/TeamTest/2010">
  <TestSettings name="Local" id="cf20da2c-3a3d-46cf-9ffb-ec57c4af3826">
    <Description>These are default test settings for a local test run.</Description>
    <Deployment enabled="false" runDeploymentRoot="Gowdar_GOWDARPC 2012-06-12 00_03_20">
      <DeploymentItem filename="C:\Users\Gowdar\documents\visual studio 2010\Projects\TomosurgeryAlpha\TomosurgeryAlpha\bin\Debug\TomosurgeryAlpha.exe" />
      <DeploymentItem filename="C:\Users\Gowdar\Desktop\Tomosurgery\TomosurgeryWPF\bin\Debug\opendicom-sharp.dll" />
      <DeploymentItem filename="C:\Users\Gowdar\Downloads\OpenCLTemplate\OpenCLTemplate\OpenCLTemplate.dll" />
    </Deployment>
    <Execution>
      <TestTypeSpecific />
      <AgentRule name="Execution Agents">
      </AgentRule>
    </Execution>
  </TestSettings>
  <Times creation="2012-06-12T00:03:20.0583548-04:00" queuing="2012-06-12T00:03:20.7273931-04:00" start="2012-06-12T00:03:20.8494001-04:00" finish="2012-06-12T00:04:38.6688511-04:00" />
  <ResultSummary outcome="Error">
    <Counters total="1" executed="1" error="0" failed="0" timeout="0" aborted="1" inconclusive="0" passedButRunAborted="0" notRunnable="0" notExecuted="0" disconnected="0" warning="0" passed="0" completed="0" inProgress="0" pending="0" />
    <RunInfos>
      <RunInfo computerName="GOWDARPC" outcome="Error" timestamp="2012-06-12T00:04:38.6678510-04:00">
        <Text>Test host process exited unexpectedly.</Text>
      </RunInfo>
    </RunInfos>
  </ResultSummary>
  <TestDefinitions>
    <UnitTest name="LineSpacerTest" storage="c:\users\gowdar\documents\visual studio 2010\projects\tomosurgeryalpha\linespacertestt\bin\debug\linespacertestt.dll" id="290b5c47-9b0d-8f28-f59b-48e32d7f51c7">
      <Execution id="2795ba76-92d0-4411-b407-c4752a2a3876" />
      <TestMethod codeBase="C:/Users/Gowdar/documents/visual studio 2010/Projects/TomosurgeryAlpha/LineSpacerTestt/bin/Debug/LineSpacerTestt.DLL" adapterTypeName="Microsoft.VisualStudio.TestTools.TestTypes.Unit.UnitTestAdapter, Microsoft.VisualStudio.QualityTools.Tips.UnitTest.Adapter, Version=10.0.0.0, Culture=neutral, PublicKeyToken=b03f5f7f11d50a3a" className="LineSpacerTestt.RasterPathTest, LineSpacerTestt, Version=1.0.0.0, Culture=neutral, PublicKeyToken=null" name="LineSpacerTest" />
    </UnitTest>
  </TestDefinitions>
  <TestLists>
    <TestList name="Results Not in a List" id="8c84fa94-04c1-424b-9868-57a2d4851a1d" />
    <TestList name="All Loaded Results" id="19431567-8539-422a-85d7-44ee4e166bda" />
  </TestLists>
  <TestEntries>
    <TestEntry testId="290b5c47-9b0d-8f28-f59b-48e32d7f51c7" executionId="2795ba76-92d0-4411-b407-c4752a2a3876" testListId="8c84fa94-04c1-424b-9868-57a2d4851a1d" />
  </TestEntries>
  <Results>
    <UnitTestResult executionId="2795ba76-92d0-4411-b407-c4752a2a3876" testId="290b5c47-9b0d-8f28-f59b-48e32d7f51c7" testName="LineSpacerTest" computerName="GOWDARPC" duration="00:01:17.6864434" startTime="2012-06-12T00:03:20.9824077-04:00" endTime="2012-06-12T00:04:38.6688511-04:00" testType="13cdc9d9-ddb5-4fa4-a97d-d965ccfc6d4b" outcome="Aborted" testListId="8c84fa94-04c1-424b-9868-57a2d4851a1d" relativeResultsDirectory="2795ba76-92d0-4411-b407-c4752a2a3876">
    </UnitTestResult>
  </Results>
</TestRun>