<?xml version="1.0" encoding="UTF-8"?>
<TestRun id="a8da67d3-d6c1-4f4b-8c06-0876f694e11c" name="Gowdar@GOWDARPC 2012-06-11 23:51:19" runUser="GowdarPC\Gowdar" xmlns="http://microsoft.com/schemas/VisualStudio/TeamTest/2010">
  <TestSettings name="Local" id="cf20da2c-3a3d-46cf-9ffb-ec57c4af3826">
    <Description>These are default test settings for a local test run.</Description>
    <Deployment enabled="false" runDeploymentRoot="Gowdar_GOWDARPC 2012-06-11 23_51_19">
      <DeploymentItem filename="C:\Users\Gowdar\documents\visual studio 2010\Projects\TomosurgeryAlpha\TomosurgeryAlpha\bin\Debug\TomosurgeryAlpha.exe" />
      <DeploymentItem filename="C:\Users\Gowdar\Desktop\Tomosurgery\TomosurgeryWPF\bin\Debug\opendicom-sharp.dll" />
      <DeploymentItem filename="C:\Users\Gowdar\Downloads\OpenCLTemplate\OpenCLTemplate\OpenCLTemplate.dll" />
    </Deployment>
    <Execution>
      <TestTypeSpecific />
      <AgentRule name="Execution Agents">
      </AgentRule>
    </Execution>
  </TestSettings>
  <Times creation="2012-06-11T23:51:19.6421494-04:00" queuing="2012-06-11T23:51:19.7791572-04:00" start="2012-06-11T23:51:19.8061587-04:00" finish="2012-06-11T23:51:20.1001756-04:00" />
  <ResultSummary outcome="Failed">
    <Counters total="1" executed="1" error="0" failed="1" timeout="0" aborted="0" inconclusive="0" passedButRunAborted="0" notRunnable="0" notExecuted="0" disconnected="0" warning="0" passed="0" completed="0" inProgress="0" pending="0" />
  </ResultSummary>
  <TestDefinitions>
    <UnitTest name="LineSpacerTest" storage="c:\users\gowdar\documents\visual studio 2010\projects\tomosurgeryalpha\linespacertestt\bin\debug\linespacertestt.dll" id="290b5c47-9b0d-8f28-f59b-48e32d7f51c7">
      <Execution id="9d191546-4c7a-41f3-a9b9-719740fe19ca" />
      <TestMethod codeBase="C:/Users/Gowdar/documents/visual studio 2010/Projects/TomosurgeryAlpha/LineSpacerTestt/bin/Debug/LineSpacerTestt.DLL" adapterTypeName="Microsoft.VisualStudio.TestTools.TestTypes.Unit.UnitTestAdapter, Microsoft.VisualStudio.QualityTools.Tips.UnitTest.Adapter, Version=10.0.0.0, Culture=neutral, PublicKeyToken=b03f5f7f11d50a3a" className="LineSpacerTestt.RasterPathTest, LineSpacerTestt, Version=1.0.0.0, Culture=neutral, PublicKeyToken=null" name="LineSpacerTest" />
    </UnitTest>
  </TestDefinitions>
  <TestLists>
    <TestList name="Results Not in a List" id="8c84fa94-04c1-424b-9868-57a2d4851a1d" />
    <TestList name="All Loaded Results" id="19431567-8539-422a-85d7-44ee4e166bda" />
  </TestLists>
  <TestEntries>
    <TestEntry testId="290b5c47-9b0d-8f28-f59b-48e32d7f51c7" executionId="9d191546-4c7a-41f3-a9b9-719740fe19ca" testListId="8c84fa94-04c1-424b-9868-57a2d4851a1d" />
  </TestEntries>
  <Results>
    <UnitTestResult executionId="9d191546-4c7a-41f3-a9b9-719740fe19ca" testId="290b5c47-9b0d-8f28-f59b-48e32d7f51c7" testName="LineSpacerTest" computerName="GOWDARPC" duration="00:00:00.0320937" startTime="2012-06-11T23:51:19.8121591-04:00" endTime="2012-06-11T23:51:20.0481726-04:00" testType="13cdc9d9-ddb5-4fa4-a97d-d965ccfc6d4b" outcome="Failed" testListId="8c84fa94-04c1-424b-9868-57a2d4851a1d" relativeResultsDirectory="9d191546-4c7a-41f3-a9b9-719740fe19ca">
      <Output>
        <ErrorInfo>
          <Message>Test method LineSpacerTestt.RasterPathTest.LineSpacerTest threw exception: 
System.NullReferenceException: Object reference not set to an instance of an object.</Message>
          <StackTrace>    at TomosurgeryAlpha.RasterPath.ShotSpacer(Int32 line) in C:\Users\Gowdar\documents\visual studio 2010\Projects\TomosurgeryAlpha\TomosurgeryAlpha\RasterPath.cs:line 257
   at TomosurgeryAlpha.RasterPath..ctor(Single[,] f) in C:\Users\Gowdar\documents\visual studio 2010\Projects\TomosurgeryAlpha\TomosurgeryAlpha\RasterPath.cs:line 229
   at LineSpacerTestt.RasterPathTest.LineSpacerTest() in C:\Users\Gowdar\documents\visual studio 2010\Projects\TomosurgeryAlpha\LineSpacerTestt\RasterPathTest.cs:line 74
</StackTrace>
        </ErrorInfo>
      </Output>
    </UnitTestResult>
  </Results>
</TestRun>